<!DOCTYPE html PUBLIC "-//W3C//DTD XHTML 1.1//EN" "https://www.w3.org/TR/xhtml11/DTD/xhtml11.dtd">
<html xmlns="https://www.w3.org/1999/xhtml">
<head>
<meta http-equiv="content-type" content="text/html; charset=UTF-8"/>
<title>TestNG Report</title>
<style type="text/css">table {margin-bottom:10px;border-collapse:collapse;empty-cells:show}th,td {border:1px solid #009;padding:.25em .5em}th {vertical-align:bottom}td {vertical-align:top}table a {font-weight:bold}.stripe td {background-color: #E6EBF9}.num {text-align:right}.passedodd td {background-color: #3F3}.passedeven td {background-color: #0A0}.skippedodd td {background-color: #DDD}.skippedeven td {background-color: #CCC}.failedodd td,.attn {background-color: #F33}.failedeven td,.stripe .attn {background-color: #D00}.stacktrace {white-space:pre;font-family:monospace}.totop {font-size:85%;text-align:center;border-bottom:2px solid #000}.invisible {display:none}</style>
</head>
<body>
<table>
<tr><th>Test</th><th># Passed</th><th># Skipped</th><th># Retried</th><th># Failed</th><th>Time (ms)</th><th>Included Groups</th><th>Excluded Groups</th></tr>
<tr><th colspan="8">Suite</th></tr>
<tr><td><a href="#t0">Test</a></td><td class="num">11</td><td class="num">0</td><td class="num">0</td><td class="num attn">2</td><td class="num">116,922</td><td></td><td></td></tr>
</table>
<table id='summary'><thead><tr><th>Class</th><th>Method</th><th>Start</th><th>Time (ms)</th></tr></thead><tbody><tr><th colspan="4">Suite</th></tr></tbody><tbody id="t0"><tr><th colspan="4">Test &#8212; failed</th></tr><tr class="failedeven"><td rowspan="2">testcases.Tc002_LoginTest</td><td><a href="#m0">Validating_copyingofthetext_entered_into_the_Passwordfield</a></td><td rowspan="1">1722172408053</td><td rowspan="1">1363</td></tr><tr class="failedeven"><td><a href="#m1">validate_no_of_unsuccesfull_login</a></td><td rowspan="1">1722172405778</td><td rowspan="1">1411</td></tr><tr><th colspan="4">Test &#8212; passed</th></tr><tr class="passedeven"><td rowspan="11">testcases.Tc002_LoginTest</td><td><a href="#m2">CheckForgotpasswordpage</a></td><td rowspan="1">1722172389630</td><td rowspan="1">784</td></tr><tr class="passedeven"><td><a href="#m3">Validate_PasswordFieldVisibility</a></td><td rowspan="1">1722172407392</td><td rowspan="1">655</td></tr><tr class="passedeven"><td><a href="#m4">validate_Logoutfunctionality</a></td><td rowspan="1">1722172401245</td><td rowspan="1">4531</td></tr><tr class="passedeven"><td><a href="#m5">validate_byPlaceholdertext</a></td><td rowspan="1">1722172396546</td><td rowspan="1">547</td></tr><tr class="passedeven"><td><a href="#m6">validate_bykeyboardkeys</a></td><td rowspan="1">1722172390423</td><td rowspan="1">6118</td></tr><tr class="passedeven"><td><a href="#m7">validate_usingbrowserbackbutton_Login</a></td><td rowspan="1">1722172397096</td><td rowspan="1">4144</td></tr><tr class="passedeven"><td><a href="#m8">verify_login</a></td><td rowspan="5">1722172340138</td><td rowspan="5">11247</td></tr><tr class="passedeven"><td><a href="#m9">verify_login</a></td></tr><tr class="passedeven"><td><a href="#m10">verify_login</a></td></tr><tr class="passedeven"><td><a href="#m11">verify_login</a></td></tr><tr class="passedeven"><td><a href="#m12">verify_login</a></td></tr></tbody>
</table>
<h2>Test</h2><h3 id="m0">testcases.Tc002_LoginTest#Validating_copyingofthetext_entered_into_the_Passwordfield</h3><table class="result"><tr><th>Exception</th></tr><tr><td><div class="stacktrace">java.util.NoSuchElementException: Copy option not found in the context menu.
	at pageobjects.Loginpage.isCopyOptionEnabled(Loginpage.java:245)
	at testcases.Tc002_LoginTest.Validating_copyingofthetext_entered_into_the_Passwordfield(Tc002_LoginTest.java:308)
	at java.base/java.util.ArrayList.forEach(ArrayList.java:1511)
... Removed 27 stack frames</div></td></tr></table><p class="totop"><a href="#summary">back to summary</a></p>
<h3 id="m1">testcases.Tc002_LoginTest#validate_no_of_unsuccesfull_login</h3><table class="result"><tr><th>Exception</th></tr><tr><td><div class="stacktrace">java.lang.AssertionError: null
	at testcases.Tc002_LoginTest.validate_no_of_unsuccesfull_login(Tc002_LoginTest.java:267)
	at java.base/java.util.ArrayList.forEach(ArrayList.java:1511)
... Removed 29 stack frames</div></td></tr></table><p class="totop"><a href="#summary">back to summary</a></p>
<h3 id="m2">testcases.Tc002_LoginTest#CheckForgotpasswordpage</h3><table class="result"><tr><th class="invisible"/></tr></table><p class="totop"><a href="#summary">back to summary</a></p>
<h3 id="m3">testcases.Tc002_LoginTest#Validate_PasswordFieldVisibility</h3><table class="result"><tr><th class="invisible"/></tr></table><p class="totop"><a href="#summary">back to summary</a></p>
<h3 id="m4">testcases.Tc002_LoginTest#validate_Logoutfunctionality</h3><table class="result"><tr><th class="invisible"/></tr></table><p class="totop"><a href="#summary">back to summary</a></p>
<h3 id="m5">testcases.Tc002_LoginTest#validate_byPlaceholdertext</h3><table class="result"><tr><th class="invisible"/></tr></table><p class="totop"><a href="#summary">back to summary</a></p>
<h3 id="m6">testcases.Tc002_LoginTest#validate_bykeyboardkeys</h3><table class="result"><tr><th class="invisible"/></tr></table><p class="totop"><a href="#summary">back to summary</a></p>
<h3 id="m7">testcases.Tc002_LoginTest#validate_usingbrowserbackbutton_Login</h3><table class="result"><tr><th class="invisible"/></tr></table><p class="totop"><a href="#summary">back to summary</a></p>
<h3 id="m8">testcases.Tc002_LoginTest#verify_login</h3><table class="result"><tr class="param"><th>Parameter #1</th><th>Parameter #2</th><th>Parameter #3</th></tr><tr class="param stripe"><td>yamaha@gmail.com</td><td>yamaha</td><td>invalid</td></tr></table><p class="totop"><a href="#summary">back to summary</a></p>
<h3 id="m9">testcases.Tc002_LoginTest#verify_login</h3><table class="result"><tr class="param"><th>Parameter #1</th><th>Parameter #2</th><th>Parameter #3</th></tr><tr class="param stripe"><td>justinsalamon11@gmail.com</td><td>pulsar</td><td>invalid</td></tr></table><p class="totop"><a href="#summary">back to summary</a></p>
<h3 id="m10">testcases.Tc002_LoginTest#verify_login</h3><table class="result"><tr class="param"><th>Parameter #1</th><th>Parameter #2</th><th>Parameter #3</th></tr><tr class="param stripe"><td>justinsalamon11@gmail.com</td><td>12345</td><td>valid</td></tr></table><p class="totop"><a href="#summary">back to summary</a></p>
<h3 id="m11">testcases.Tc002_LoginTest#verify_login</h3><table class="result"><tr class="param"><th>Parameter #1</th><th>Parameter #2</th><th>Parameter #3</th></tr><tr class="param stripe"><td></td><td></td><td>invalid</td></tr></table><p class="totop"><a href="#summary">back to summary</a></p>
<h3 id="m12">testcases.Tc002_LoginTest#verify_login</h3><table class="result"><tr class="param"><th>Parameter #1</th><th>Parameter #2</th><th>Parameter #3</th></tr><tr class="param stripe"><td>duke@gmail.com</td><td>12345</td><td>invalid</td></tr></table><p class="totop"><a href="#summary">back to summary</a></p>
</body>
</html>
