<?xml version="1.0" encoding="UTF-8"?>
<testng-results ignored="0" total="13" passed="11" failed="2" skipped="0">
  <reporter-output>
  </reporter-output>
  <suite started-at="2024-07-28T18:41:32 IST" name="Suite" finished-at="2024-07-28T18:43:29 IST" duration-ms="116922">
    <groups>
      <group name="Master">
        <method signature="Tc002_LoginTest.verify_login(java.lang.String,java.lang.String,java.lang.String)[pri:1, instance:testcases.Tc002_LoginTest@71104a4]" name="verify_login" class="testcases.Tc002_LoginTest"/>
        <method signature="Tc002_LoginTest.CheckForgotpasswordpage()[pri:2, instance:testcases.Tc002_LoginTest@71104a4]" name="CheckForgotpasswordpage" class="testcases.Tc002_LoginTest"/>
        <method signature="Tc002_LoginTest.validate_bykeyboardkeys()[pri:3, instance:testcases.Tc002_LoginTest@71104a4]" name="validate_bykeyboardkeys" class="testcases.Tc002_LoginTest"/>
        <method signature="Tc002_LoginTest.validate_byPlaceholdertext()[pri:4, instance:testcases.Tc002_LoginTest@71104a4]" name="validate_byPlaceholdertext" class="testcases.Tc002_LoginTest"/>
        <method signature="Tc002_LoginTest.validate_usingbrowserbackbutton_Login()[pri:5, instance:testcases.Tc002_LoginTest@71104a4]" name="validate_usingbrowserbackbutton_Login" class="testcases.Tc002_LoginTest"/>
        <method signature="Tc002_LoginTest.validate_Logoutfunctionality()[pri:6, instance:testcases.Tc002_LoginTest@71104a4]" name="validate_Logoutfunctionality" class="testcases.Tc002_LoginTest"/>
        <method signature="Tc002_LoginTest.validate_no_of_unsuccesfull_login()[pri:7, instance:testcases.Tc002_LoginTest@71104a4]" name="validate_no_of_unsuccesfull_login" class="testcases.Tc002_LoginTest"/>
        <method signature="Tc002_LoginTest.Validate_PasswordFieldVisibility()[pri:8, instance:testcases.Tc002_LoginTest@71104a4]" name="Validate_PasswordFieldVisibility" class="testcases.Tc002_LoginTest"/>
        <method signature="Tc002_LoginTest.Validating_copyingofthetext_entered_into_the_Passwordfield()[pri:9, instance:testcases.Tc002_LoginTest@71104a4]" name="Validating_copyingofthetext_entered_into_the_Passwordfield" class="testcases.Tc002_LoginTest"/>
      </group> <!-- Master -->
      <group name="Sanity">
        <method signature="Tc002_LoginTest.verify_login(java.lang.String,java.lang.String,java.lang.String)[pri:1, instance:testcases.Tc002_LoginTest@71104a4]" name="verify_login" class="testcases.Tc002_LoginTest"/>
        <method signature="Tc002_LoginTest.CheckForgotpasswordpage()[pri:2, instance:testcases.Tc002_LoginTest@71104a4]" name="CheckForgotpasswordpage" class="testcases.Tc002_LoginTest"/>
        <method signature="Tc002_LoginTest.validate_bykeyboardkeys()[pri:3, instance:testcases.Tc002_LoginTest@71104a4]" name="validate_bykeyboardkeys" class="testcases.Tc002_LoginTest"/>
        <method signature="Tc002_LoginTest.validate_byPlaceholdertext()[pri:4, instance:testcases.Tc002_LoginTest@71104a4]" name="validate_byPlaceholdertext" class="testcases.Tc002_LoginTest"/>
        <method signature="Tc002_LoginTest.validate_usingbrowserbackbutton_Login()[pri:5, instance:testcases.Tc002_LoginTest@71104a4]" name="validate_usingbrowserbackbutton_Login" class="testcases.Tc002_LoginTest"/>
        <method signature="Tc002_LoginTest.validate_Logoutfunctionality()[pri:6, instance:testcases.Tc002_LoginTest@71104a4]" name="validate_Logoutfunctionality" class="testcases.Tc002_LoginTest"/>
        <method signature="Tc002_LoginTest.validate_no_of_unsuccesfull_login()[pri:7, instance:testcases.Tc002_LoginTest@71104a4]" name="validate_no_of_unsuccesfull_login" class="testcases.Tc002_LoginTest"/>
        <method signature="Tc002_LoginTest.Validate_PasswordFieldVisibility()[pri:8, instance:testcases.Tc002_LoginTest@71104a4]" name="Validate_PasswordFieldVisibility" class="testcases.Tc002_LoginTest"/>
        <method signature="Tc002_LoginTest.Validating_copyingofthetext_entered_into_the_Passwordfield()[pri:9, instance:testcases.Tc002_LoginTest@71104a4]" name="Validating_copyingofthetext_entered_into_the_Passwordfield" class="testcases.Tc002_LoginTest"/>
      </group> <!-- Sanity -->
    </groups>
    <test started-at="2024-07-28T18:41:32 IST" name="Test" finished-at="2024-07-28T18:43:29 IST" duration-ms="116922">
      <class name="testcases.Tc002_LoginTest">
        <test-method is-config="true" signature="setup(java.lang.String,java.lang.String)[pri:0, instance:testcases.Tc002_LoginTest@71104a4]" started-at="2024-07-28T18:41:33 IST" name="setup" finished-at="2024-07-28T18:41:53 IST" duration-ms="20564" status="PASS">
          <params>
            <param index="0">
              <value>
                <![CDATA[windows]]>
              </value>
            </param>
            <param index="1">
              <value>
                <![CDATA[chrome]]>
              </value>
            </param>
          </params>
          <reporter-output>
          </reporter-output>
        </test-method> <!-- setup -->
        <test-method signature="verify_login(java.lang.String,java.lang.String,java.lang.String)[pri:1, instance:testcases.Tc002_LoginTest@71104a4]" started-at="2024-07-28T18:41:56 IST" name="verify_login" data-provider="LoginData" finished-at="2024-07-28T18:42:20 IST" duration-ms="23886" status="PASS">
          <params>
            <param index="0">
              <value>
                <![CDATA[justinsalamon11@gmail.com]]>
              </value>
            </param>
            <param index="1">
              <value>
                <![CDATA[12345]]>
              </value>
            </param>
            <param index="2">
              <value>
                <![CDATA[valid]]>
              </value>
            </param>
          </params>
          <reporter-output>
          </reporter-output>
        </test-method> <!-- verify_login -->
        <test-method signature="verify_login(java.lang.String,java.lang.String,java.lang.String)[pri:1, instance:testcases.Tc002_LoginTest@71104a4]" started-at="2024-07-28T18:42:20 IST" name="verify_login" data-provider="LoginData" finished-at="2024-07-28T18:42:31 IST" duration-ms="11247" status="PASS">
          <params>
            <param index="0">
              <value>
                <![CDATA[yamaha@gmail.com]]>
              </value>
            </param>
            <param index="1">
              <value>
                <![CDATA[yamaha]]>
              </value>
            </param>
            <param index="2">
              <value>
                <![CDATA[invalid]]>
              </value>
            </param>
          </params>
          <reporter-output>
          </reporter-output>
        </test-method> <!-- verify_login -->
        <test-method signature="verify_login(java.lang.String,java.lang.String,java.lang.String)[pri:1, instance:testcases.Tc002_LoginTest@71104a4]" started-at="2024-07-28T18:42:31 IST" name="verify_login" data-provider="LoginData" finished-at="2024-07-28T18:42:42 IST" duration-ms="11069" status="PASS">
          <params>
            <param index="0">
              <value>
                <![CDATA[duke@gmail.com]]>
              </value>
            </param>
            <param index="1">
              <value>
                <![CDATA[12345]]>
              </value>
            </param>
            <param index="2">
              <value>
                <![CDATA[invalid]]>
              </value>
            </param>
          </params>
          <reporter-output>
          </reporter-output>
        </test-method> <!-- verify_login -->
        <test-method signature="verify_login(java.lang.String,java.lang.String,java.lang.String)[pri:1, instance:testcases.Tc002_LoginTest@71104a4]" started-at="2024-07-28T18:42:42 IST" name="verify_login" data-provider="LoginData" finished-at="2024-07-28T18:42:58 IST" duration-ms="16050" status="PASS">
          <params>
            <param index="0">
              <value>
                <![CDATA[justinsalamon11@gmail.com]]>
              </value>
            </param>
            <param index="1">
              <value>
                <![CDATA[pulsar]]>
              </value>
            </param>
            <param index="2">
              <value>
                <![CDATA[invalid]]>
              </value>
            </param>
          </params>
          <reporter-output>
          </reporter-output>
        </test-method> <!-- verify_login -->
        <test-method signature="verify_login(java.lang.String,java.lang.String,java.lang.String)[pri:1, instance:testcases.Tc002_LoginTest@71104a4]" started-at="2024-07-28T18:42:58 IST" name="verify_login" data-provider="LoginData" finished-at="2024-07-28T18:43:09 IST" duration-ms="11085" status="PASS">
          <params>
            <param index="0">
              <value>
                <![CDATA[]]>
              </value>
            </param>
            <param index="1">
              <value>
                <![CDATA[]]>
              </value>
            </param>
            <param index="2">
              <value>
                <![CDATA[invalid]]>
              </value>
            </param>
          </params>
          <reporter-output>
          </reporter-output>
        </test-method> <!-- verify_login -->
        <test-method signature="CheckForgotpasswordpage()[pri:2, instance:testcases.Tc002_LoginTest@71104a4]" started-at="2024-07-28T18:43:09 IST" name="CheckForgotpasswordpage" finished-at="2024-07-28T18:43:10 IST" duration-ms="784" status="PASS">
          <reporter-output>
          </reporter-output>
        </test-method> <!-- CheckForgotpasswordpage -->
        <test-method signature="validate_bykeyboardkeys()[pri:3, instance:testcases.Tc002_LoginTest@71104a4]" started-at="2024-07-28T18:43:10 IST" name="validate_bykeyboardkeys" finished-at="2024-07-28T18:43:16 IST" duration-ms="6118" status="PASS">
          <reporter-output>
          </reporter-output>
        </test-method> <!-- validate_bykeyboardkeys -->
        <test-method signature="validate_byPlaceholdertext()[pri:4, instance:testcases.Tc002_LoginTest@71104a4]" started-at="2024-07-28T18:43:16 IST" name="validate_byPlaceholdertext" finished-at="2024-07-28T18:43:17 IST" duration-ms="547" status="PASS">
          <reporter-output>
          </reporter-output>
        </test-method> <!-- validate_byPlaceholdertext -->
        <test-method signature="validate_usingbrowserbackbutton_Login()[pri:5, instance:testcases.Tc002_LoginTest@71104a4]" started-at="2024-07-28T18:43:17 IST" name="validate_usingbrowserbackbutton_Login" finished-at="2024-07-28T18:43:21 IST" duration-ms="4144" status="PASS">
          <reporter-output>
          </reporter-output>
        </test-method> <!-- validate_usingbrowserbackbutton_Login -->
        <test-method signature="validate_Logoutfunctionality()[pri:6, instance:testcases.Tc002_LoginTest@71104a4]" started-at="2024-07-28T18:43:21 IST" name="validate_Logoutfunctionality" finished-at="2024-07-28T18:43:25 IST" duration-ms="4531" status="PASS">
          <reporter-output>
          </reporter-output>
        </test-method> <!-- validate_Logoutfunctionality -->
        <test-method signature="validate_no_of_unsuccesfull_login()[pri:7, instance:testcases.Tc002_LoginTest@71104a4]" started-at="2024-07-28T18:43:25 IST" name="validate_no_of_unsuccesfull_login" finished-at="2024-07-28T18:43:27 IST" duration-ms="1411" status="FAIL">
          <exception class="java.lang.AssertionError">
            <message>
              <![CDATA[null]]>
            </message>
            <full-stacktrace>
              <![CDATA[java.lang.AssertionError: null
at org.testng.Assert.fail(Assert.java:111)
at org.testng.Assert.fail(Assert.java:116)
at testcases.Tc002_LoginTest.validate_no_of_unsuccesfull_login(Tc002_LoginTest.java:267)
at java.base/jdk.internal.reflect.NativeMethodAccessorImpl.invoke0(Native Method)
at java.base/jdk.internal.reflect.NativeMethodAccessorImpl.invoke(NativeMethodAccessorImpl.java:77)
at java.base/jdk.internal.reflect.DelegatingMethodAccessorImpl.invoke(DelegatingMethodAccessorImpl.java:43)
at java.base/java.lang.reflect.Method.invoke(Method.java:568)
at org.testng.internal.invokers.MethodInvocationHelper.invokeMethod(MethodInvocationHelper.java:139)
at org.testng.internal.invokers.TestInvoker.invokeMethod(TestInvoker.java:664)
at org.testng.internal.invokers.TestInvoker.invokeTestMethod(TestInvoker.java:227)
at org.testng.internal.invokers.MethodRunner.runInSequence(MethodRunner.java:50)
at org.testng.internal.invokers.TestInvoker$MethodInvocationAgent.invoke(TestInvoker.java:957)
at org.testng.internal.invokers.TestInvoker.invokeTestMethods(TestInvoker.java:200)
at org.testng.internal.invokers.TestMethodWorker.invokeTestMethods(TestMethodWorker.java:148)
at org.testng.internal.invokers.TestMethodWorker.run(TestMethodWorker.java:128)
at java.base/java.util.ArrayList.forEach(ArrayList.java:1511)
at org.testng.TestRunner.privateRun(TestRunner.java:848)
at org.testng.TestRunner.run(TestRunner.java:621)
at org.testng.SuiteRunner.runTest(SuiteRunner.java:443)
at org.testng.SuiteRunner.runSequentially(SuiteRunner.java:437)
at org.testng.SuiteRunner.privateRun(SuiteRunner.java:397)
at org.testng.SuiteRunner.run(SuiteRunner.java:336)
at org.testng.SuiteRunnerWorker.runSuite(SuiteRunnerWorker.java:52)
at org.testng.SuiteRunnerWorker.run(SuiteRunnerWorker.java:95)
at org.testng.TestNG.runSuitesSequentially(TestNG.java:1280)
at org.testng.TestNG.runSuitesLocally(TestNG.java:1200)
at org.testng.TestNG.runSuites(TestNG.java:1114)
at org.testng.TestNG.run(TestNG.java:1082)
at org.testng.remote.AbstractRemoteTestNG.run(AbstractRemoteTestNG.java:115)
at org.testng.remote.RemoteTestNG.initAndRun(RemoteTestNG.java:293)
at org.testng.remote.RemoteTestNG.main(RemoteTestNG.java:91)
]]>
            </full-stacktrace>
          </exception> <!-- java.lang.AssertionError -->
          <reporter-output>
          </reporter-output>
        </test-method> <!-- validate_no_of_unsuccesfull_login -->
        <test-method signature="Validate_PasswordFieldVisibility()[pri:8, instance:testcases.Tc002_LoginTest@71104a4]" started-at="2024-07-28T18:43:27 IST" name="Validate_PasswordFieldVisibility" finished-at="2024-07-28T18:43:28 IST" duration-ms="655" status="PASS">
          <reporter-output>
          </reporter-output>
        </test-method> <!-- Validate_PasswordFieldVisibility -->
        <test-method signature="Validating_copyingofthetext_entered_into_the_Passwordfield()[pri:9, instance:testcases.Tc002_LoginTest@71104a4]" started-at="2024-07-28T18:43:28 IST" name="Validating_copyingofthetext_entered_into_the_Passwordfield" finished-at="2024-07-28T18:43:29 IST" duration-ms="1363" status="FAIL">
          <exception class="java.util.NoSuchElementException">
            <message>
              <![CDATA[Copy option not found in the context menu.]]>
            </message>
            <full-stacktrace>
              <![CDATA[java.util.NoSuchElementException: Copy option not found in the context menu.
at pageobjects.Loginpage.isCopyOptionEnabled(Loginpage.java:245)
at testcases.Tc002_LoginTest.Validating_copyingofthetext_entered_into_the_Passwordfield(Tc002_LoginTest.java:308)
at java.base/jdk.internal.reflect.NativeMethodAccessorImpl.invoke0(Native Method)
at java.base/jdk.internal.reflect.NativeMethodAccessorImpl.invoke(NativeMethodAccessorImpl.java:77)
at java.base/jdk.internal.reflect.DelegatingMethodAccessorImpl.invoke(DelegatingMethodAccessorImpl.java:43)
at java.base/java.lang.reflect.Method.invoke(Method.java:568)
at org.testng.internal.invokers.MethodInvocationHelper.invokeMethod(MethodInvocationHelper.java:139)
at org.testng.internal.invokers.TestInvoker.invokeMethod(TestInvoker.java:664)
at org.testng.internal.invokers.TestInvoker.invokeTestMethod(TestInvoker.java:227)
at org.testng.internal.invokers.MethodRunner.runInSequence(MethodRunner.java:50)
at org.testng.internal.invokers.TestInvoker$MethodInvocationAgent.invoke(TestInvoker.java:957)
at org.testng.internal.invokers.TestInvoker.invokeTestMethods(TestInvoker.java:200)
at org.testng.internal.invokers.TestMethodWorker.invokeTestMethods(TestMethodWorker.java:148)
at org.testng.internal.invokers.TestMethodWorker.run(TestMethodWorker.java:128)
at java.base/java.util.ArrayList.forEach(ArrayList.java:1511)
at org.testng.TestRunner.privateRun(TestRunner.java:848)
at org.testng.TestRunner.run(TestRunner.java:621)
at org.testng.SuiteRunner.runTest(SuiteRunner.java:443)
at org.testng.SuiteRunner.runSequentially(SuiteRunner.java:437)
at org.testng.SuiteRunner.privateRun(SuiteRunner.java:397)
at org.testng.SuiteRunner.run(SuiteRunner.java:336)
at org.testng.SuiteRunnerWorker.runSuite(SuiteRunnerWorker.java:52)
at org.testng.SuiteRunnerWorker.run(SuiteRunnerWorker.java:95)
at org.testng.TestNG.runSuitesSequentially(TestNG.java:1280)
at org.testng.TestNG.runSuitesLocally(TestNG.java:1200)
at org.testng.TestNG.runSuites(TestNG.java:1114)
at org.testng.TestNG.run(TestNG.java:1082)
at org.testng.remote.AbstractRemoteTestNG.run(AbstractRemoteTestNG.java:115)
at org.testng.remote.RemoteTestNG.initAndRun(RemoteTestNG.java:293)
at org.testng.remote.RemoteTestNG.main(RemoteTestNG.java:91)
]]>
            </full-stacktrace>
          </exception> <!-- java.util.NoSuchElementException -->
          <reporter-output>
          </reporter-output>
        </test-method> <!-- Validating_copyingofthetext_entered_into_the_Passwordfield -->
      </class> <!-- testcases.Tc002_LoginTest -->
    </test> <!-- Test -->
  </suite> <!-- Suite -->
</testng-results>
